  [1m[36mSQL (16.3ms)[0m  [1mSHOW TABLES[0m
  [1m[35mSQL (132.2ms)[0m  CREATE TABLE `schema_migrations` (`version` varchar(255) NOT NULL) ENGINE=InnoDB
  [1m[36mSQL (0.7ms)[0m  [1mSHOW KEYS FROM `schema_migrations`[0m
  [1m[35mSQL (177.1ms)[0m  CREATE UNIQUE INDEX `unique_schema_migrations` ON `schema_migrations` (`version`)
  [1m[36mSQL (0.5ms)[0m  [1mSHOW TABLES[0m
  [1m[35mSQL (0.5ms)[0m  SHOW TABLES
  [1m[36mSQL (0.4ms)[0m  [1mSELECT `schema_migrations`.`version` FROM `schema_migrations`[0m
Migrating to CreatePrs (20100927121709)
  [1m[36mSQL (0.2ms)[0m  [1mSHOW TABLES[0m
  [1m[35mSQL (0.4ms)[0m  SHOW TABLES
  [1m[36mSQL (0.2ms)[0m  [1mSELECT `schema_migrations`.`version` FROM `schema_migrations`[0m
Migrating to CreatePrs (20100927121709)
  [1m[35mSQL (99.4ms)[0m  CREATE TABLE `prs` (`id` int(11) DEFAULT NULL auto_increment PRIMARY KEY, `name` varchar(255), `cellphone` varchar(255), `note` varchar(255), `created_at` datetime, `updated_at` datetime) ENGINE=InnoDB
  [1m[36mSQL (1.1ms)[0m  [1mdescribe `schema_migrations`[0m
  [1m[35mSQL (48.1ms)[0m  INSERT INTO `schema_migrations` (`version`) VALUES ('20100927121709')
Migrating to CreateTables (20100927122950)
  [1m[36mSQL (60.2ms)[0m  [1mCREATE TABLE `tables` (`id` int(11) DEFAULT NULL auto_increment PRIMARY KEY, `number` int(11), `name` varchar(255), `people` int(11), `free` int(11), `price` float, `pr_id` int(11), `note` varchar(255), `created_at` datetime, `updated_at` datetime) ENGINE=InnoDB[0m
  [1m[35mSQL (39.1ms)[0m  INSERT INTO `schema_migrations` (`version`) VALUES ('20100927122950')
  [1m[36mSQL (0.7ms)[0m  [1mSHOW TABLES[0m
  [1m[35mSQL (0.2ms)[0m  SELECT `schema_migrations`.`version` FROM `schema_migrations`
  [1m[36mSQL (0.2ms)[0m  [1mSHOW TABLES[0m
  [1m[35mSQL (0.7ms)[0m  describe `prs`
  [1m[36mSQL (0.2ms)[0m  [1mSHOW KEYS FROM `prs`[0m
  [1m[35mSQL (0.8ms)[0m  describe `tables`
  [1m[36mSQL (0.2ms)[0m  [1mSHOW KEYS FROM `tables`[0m


Started GET "/rails/info/properties" for 127.0.0.1 at 2010-09-27 14:34:09 +0200
  Processing by Rails::InfoController#properties as HTML
  [1m[36mSQL (0.5ms)[0m  [1mSHOW TABLES[0m
  [1m[35mSQL (0.3ms)[0m  SHOW TABLES
  [1m[36mSQL (0.2ms)[0m  [1mSELECT `schema_migrations`.`version` FROM `schema_migrations`[0m
Rendered inline template (0.6ms)
Completed 200 OK in 137ms (Views: 2.5ms | ActiveRecord: 1.0ms)


Started GET "/pr" for 127.0.0.1 at 2010-09-27 14:34:23 +0200

ActionController::RoutingError (No route matches "/pr"):
  

Rendered /home/tux/.rvm/gems/ruby-1.9.2-p0/gems/actionpack-3.0.0/lib/action_dispatch/middleware/templates/rescues/routing_error.erb within rescues/layout (1.5ms)


Started GET "/prs" for 127.0.0.1 at 2010-09-27 14:34:27 +0200

SyntaxError (/home/tux/src/rails/iOrder/app/controllers/application_controller.rb:10: syntax error, unexpected '='
		request.user_agent ~= /Mobile/
		                     ^):
  app/controllers/prs_controller.rb:1:in `<top (required)>'

Rendered /home/tux/.rvm/gems/ruby-1.9.2-p0/gems/actionpack-3.0.0/lib/action_dispatch/middleware/templates/rescues/_trace.erb (2.4ms)
Rendered /home/tux/.rvm/gems/ruby-1.9.2-p0/gems/actionpack-3.0.0/lib/action_dispatch/middleware/templates/rescues/_request_and_response.erb (2.0ms)
Rendered /home/tux/.rvm/gems/ruby-1.9.2-p0/gems/actionpack-3.0.0/lib/action_dispatch/middleware/templates/rescues/diagnostics.erb within rescues/layout (10.8ms)


Started GET "/prs" for 127.0.0.1 at 2010-09-27 14:35:36 +0200
  Processing by PrsController#index as HTML
  [1m[36mSQL (0.4ms)[0m  [1mSHOW TABLES[0m
  [1m[35mPr Load (0.2ms)[0m  SELECT `prs`.* FROM `prs`
Rendered prs/index.html.erb within layouts/application (13.3ms)
Completed 200 OK in 246ms (Views: 37.2ms | ActiveRecord: 0.6ms)


Started GET "/prs/new" for 127.0.0.1 at 2010-09-27 14:35:39 +0200
  Processing by PrsController#new as HTML
Rendered prs/_form.html.erb (426.3ms)
Rendered prs/new.html.erb within layouts/application (432.7ms)
Completed 200 OK in 452ms (Views: 437.9ms | ActiveRecord: 0.0ms)


Started POST "/prs" for 127.0.0.1 at 2010-09-27 14:35:49 +0200
  Processing by PrsController#create as HTML
  Parameters: {"utf8"=>"✓", "authenticity_token"=>"Lgjl0Rd5hg89m8tNGx8zK4Rmgp32jfDMofyFVOk92yY=", "pr"=>{"name"=>"Rik", "cellphone"=>"3476686969", "note"=>""}, "commit"=>"Create Pr"}
  [1m[36mSQL (1.7ms)[0m  [1mBEGIN[0m
  [1m[35mSQL (1.6ms)[0m  describe `prs`
  [1m[36mSQL (0.4ms)[0m  [1mINSERT INTO `prs` (`cellphone`, `created_at`, `name`, `note`, `updated_at`) VALUES ('3476686969', '2010-09-27 12:35:49', 'Rik', '', '2010-09-27 12:35:49')[0m
  [1m[35mSQL (45.3ms)[0m  COMMIT
Redirected to http://0.0.0.0:3000/prs/1
Completed 302 Found in 127ms


Started GET "/prs/1" for 127.0.0.1 at 2010-09-27 14:35:50 +0200
  Processing by PrsController#show as HTML
  Parameters: {"id"=>"1"}
  [1m[36mPr Load (88.5ms)[0m  [1mSELECT `prs`.* FROM `prs` WHERE (`prs`.`id` = 1) LIMIT 1[0m
Rendered prs/show.html.erb within layouts/application (19.0ms)
Completed 200 OK in 135ms (Views: 29.1ms | ActiveRecord: 88.5ms)


Started GET "/prs" for 127.0.0.1 at 2010-09-27 14:35:51 +0200
  Processing by PrsController#index as HTML
  [1m[35mPr Load (0.4ms)[0m  SELECT `prs`.* FROM `prs`
Rendered prs/index.html.erb within layouts/application (19.2ms)
Completed 200 OK in 40ms (Views: 23.8ms | ActiveRecord: 49.4ms)


Started GET "/prs/new" for 127.0.0.1 at 2010-09-27 14:35:55 +0200
  Processing by PrsController#new as HTML
Rendered prs/_form.html.erb (9.9ms)
Rendered prs/new.html.erb within layouts/application (13.6ms)
Completed 200 OK in 31ms (Views: 18.8ms | ActiveRecord: 0.0ms)


Started POST "/prs" for 127.0.0.1 at 2010-09-27 14:36:39 +0200
  Processing by PrsController#create as HTML
  Parameters: {"utf8"=>"✓", "authenticity_token"=>"Lgjl0Rd5hg89m8tNGx8zK4Rmgp32jfDMofyFVOk92yY=", "pr"=>{"name"=>"Simone Barbagli", "cellphone"=>"3474720189", "note"=>""}, "commit"=>"Create Pr"}
  [1m[36mSQL (0.1ms)[0m  [1mBEGIN[0m
  [1m[35mSQL (0.2ms)[0m  INSERT INTO `prs` (`cellphone`, `created_at`, `name`, `note`, `updated_at`) VALUES ('3474720189', '2010-09-27 12:36:39', 'Simone Barbagli', '', '2010-09-27 12:36:39')
  [1m[36mSQL (56.7ms)[0m  [1mCOMMIT[0m
Redirected to http://0.0.0.0:3000/prs/2
Completed 302 Found in 85ms


Started GET "/prs/2" for 127.0.0.1 at 2010-09-27 14:36:39 +0200
  Processing by PrsController#show as HTML
  Parameters: {"id"=>"2"}
  [1m[35mPr Load (0.3ms)[0m  SELECT `prs`.* FROM `prs` WHERE (`prs`.`id` = 2) LIMIT 1
Rendered prs/show.html.erb within layouts/application (14.1ms)
Completed 200 OK in 36ms (Views: 20.2ms | ActiveRecord: 57.3ms)


Started GET "/prs" for 127.0.0.1 at 2010-09-27 14:36:42 +0200
  Processing by PrsController#index as HTML
  [1m[36mPr Load (0.4ms)[0m  [1mSELECT `prs`.* FROM `prs`[0m
Rendered prs/index.html.erb within layouts/application (12.6ms)
Completed 200 OK in 31ms (Views: 18.0ms | ActiveRecord: 0.4ms)


Started GET "/prs/new" for 127.0.0.1 at 2010-09-27 14:36:44 +0200
  Processing by PrsController#new as HTML
Rendered prs/_form.html.erb (9.7ms)
Rendered prs/new.html.erb within layouts/application (13.8ms)
Completed 200 OK in 32ms (Views: 18.6ms | ActiveRecord: 0.0ms)


Started POST "/prs" for 127.0.0.1 at 2010-09-27 14:36:54 +0200
  Processing by PrsController#create as HTML
  Parameters: {"utf8"=>"✓", "authenticity_token"=>"Lgjl0Rd5hg89m8tNGx8zK4Rmgp32jfDMofyFVOk92yY=", "pr"=>{"name"=>"Tito", "cellphone"=>"1234567890", "note"=>""}, "commit"=>"Create Pr"}
  [1m[35mSQL (0.1ms)[0m  BEGIN
  [1m[36mSQL (0.2ms)[0m  [1mINSERT INTO `prs` (`cellphone`, `created_at`, `name`, `note`, `updated_at`) VALUES ('1234567890', '2010-09-27 12:36:54', 'Tito', '', '2010-09-27 12:36:54')[0m
  [1m[35mSQL (37.6ms)[0m  COMMIT
Redirected to http://0.0.0.0:3000/prs/3
Completed 302 Found in 69ms


Started GET "/prs/3" for 127.0.0.1 at 2010-09-27 14:36:54 +0200
  Processing by PrsController#show as HTML
  Parameters: {"id"=>"3"}
  [1m[36mPr Load (0.3ms)[0m  [1mSELECT `prs`.* FROM `prs` WHERE (`prs`.`id` = 3) LIMIT 1[0m
Rendered prs/show.html.erb within layouts/application (11.1ms)
Completed 200 OK in 32ms (Views: 17.1ms | ActiveRecord: 0.3ms)


Started GET "/prs" for 127.0.0.1 at 2010-09-27 14:36:57 +0200
  Processing by PrsController#index as HTML
  [1m[35mPr Load (0.3ms)[0m  SELECT `prs`.* FROM `prs`
Rendered prs/index.html.erb within layouts/application (13.8ms)
Completed 200 OK in 32ms (Views: 18.6ms | ActiveRecord: 0.3ms)


Started GET "/tables/" for 127.0.0.1 at 2010-09-27 14:37:02 +0200
  Processing by TablesController#index as HTML
  [1m[36mTable Load (0.3ms)[0m  [1mSELECT `tables`.* FROM `tables`[0m
Rendered tables/index.html.erb within layouts/application (3.6ms)
Completed 200 OK in 52ms (Views: 9.7ms | ActiveRecord: 0.3ms)


Started GET "/tables/new" for 127.0.0.1 at 2010-09-27 14:37:05 +0200
  Processing by TablesController#new as HTML
Rendered tables/_form.html.erb (15.4ms)
Rendered tables/new.html.erb within layouts/application (19.3ms)
Completed 200 OK in 36ms (Views: 23.9ms | ActiveRecord: 0.0ms)


Started POST "/tables" for 127.0.0.1 at 2010-09-27 14:37:30 +0200
  Processing by TablesController#create as HTML
  Parameters: {"utf8"=>"✓", "authenticity_token"=>"Lgjl0Rd5hg89m8tNGx8zK4Rmgp32jfDMofyFVOk92yY=", "table"=>{"number"=>"1", "name"=>"Piergentili", "people"=>"", "free"=>"", "price"=>"", "pr"=>"1", "note"=>""}, "commit"=>"Create Table"}
Completed   in 72ms

ActiveRecord::AssociationTypeMismatch (Pr(#87817700) expected, got String(#79232400)):
  app/controllers/tables_controller.rb:43:in `new'
  app/controllers/tables_controller.rb:43:in `create'

Rendered /home/tux/.rvm/gems/ruby-1.9.2-p0/gems/actionpack-3.0.0/lib/action_dispatch/middleware/templates/rescues/_trace.erb (1.5ms)
Rendered /home/tux/.rvm/gems/ruby-1.9.2-p0/gems/actionpack-3.0.0/lib/action_dispatch/middleware/templates/rescues/_request_and_response.erb (7.3ms)
Rendered /home/tux/.rvm/gems/ruby-1.9.2-p0/gems/actionpack-3.0.0/lib/action_dispatch/middleware/templates/rescues/diagnostics.erb within rescues/layout (14.0ms)


Started POST "/tables" for 127.0.0.1 at 2010-09-27 14:37:47 +0200
  Processing by TablesController#create as HTML
  Parameters: {"utf8"=>"✓", "authenticity_token"=>"Lgjl0Rd5hg89m8tNGx8zK4Rmgp32jfDMofyFVOk92yY=", "table"=>{"number"=>"1", "name"=>"Piergentili", "people"=>"", "free"=>"", "price"=>"", "pr"=>"", "note"=>""}, "commit"=>"Create Table"}
Completed   in 37ms

ActiveRecord::AssociationTypeMismatch (Pr(#82878820) expected, got String(#79232400)):
  app/controllers/tables_controller.rb:43:in `new'
  app/controllers/tables_controller.rb:43:in `create'

Rendered /home/tux/.rvm/gems/ruby-1.9.2-p0/gems/actionpack-3.0.0/lib/action_dispatch/middleware/templates/rescues/_trace.erb (1.7ms)
Rendered /home/tux/.rvm/gems/ruby-1.9.2-p0/gems/actionpack-3.0.0/lib/action_dispatch/middleware/templates/rescues/_request_and_response.erb (6.5ms)
Rendered /home/tux/.rvm/gems/ruby-1.9.2-p0/gems/actionpack-3.0.0/lib/action_dispatch/middleware/templates/rescues/diagnostics.erb within rescues/layout (13.3ms)
